mode: atomic
url_shortener/internal/delivery/http/handlers.go:19.86,24.2 1 10
url_shortener/internal/delivery/http/handlers.go:26.56,27.36 1 5
url_shortener/internal/delivery/http/handlers.go:27.36,31.17 4 5
url_shortener/internal/delivery/http/handlers.go:31.17,34.28 3 0
url_shortener/internal/delivery/http/handlers.go:34.28,36.5 1 0
url_shortener/internal/delivery/http/handlers.go:37.4,37.103 1 0
url_shortener/internal/delivery/http/handlers.go:39.3,39.50 1 5
url_shortener/internal/delivery/http/handlers.go:39.50,43.28 4 1
url_shortener/internal/delivery/http/handlers.go:43.28,45.5 1 0
url_shortener/internal/delivery/http/handlers.go:46.4,46.103 1 1
url_shortener/internal/delivery/http/handlers.go:49.3,50.17 2 4
url_shortener/internal/delivery/http/handlers.go:50.17,52.58 2 2
url_shortener/internal/delivery/http/handlers.go:52.58,54.29 2 1
url_shortener/internal/delivery/http/handlers.go:54.29,56.6 1 0
url_shortener/internal/delivery/http/handlers.go:57.5,57.102 1 1
url_shortener/internal/delivery/http/handlers.go:60.4,60.132 1 1
url_shortener/internal/delivery/http/handlers.go:63.3,63.94 1 2
url_shortener/internal/delivery/http/handlers.go:67.56,68.36 1 5
url_shortener/internal/delivery/http/handlers.go:68.36,70.26 2 5
url_shortener/internal/delivery/http/handlers.go:70.26,74.28 4 2
url_shortener/internal/delivery/http/handlers.go:74.28,76.5 1 0
url_shortener/internal/delivery/http/handlers.go:77.4,77.103 1 2
url_shortener/internal/delivery/http/handlers.go:79.3,80.17 2 3
url_shortener/internal/delivery/http/handlers.go:80.17,82.46 2 1
url_shortener/internal/delivery/http/handlers.go:82.46,84.29 2 1
url_shortener/internal/delivery/http/handlers.go:84.29,86.6 1 0
url_shortener/internal/delivery/http/handlers.go:87.5,87.119 1 1
url_shortener/internal/delivery/http/handlers.go:88.10,90.5 1 0
url_shortener/internal/delivery/http/handlers.go:93.3,93.100 1 2
url_shortener/internal/delivery/http/routes.go:5.59,8.2 2 0
url_shortener/internal/usecase/links_usecase/usecase.go:17.88,22.2 1 1
url_shortener/internal/usecase/links_usecase/usecase.go:24.97,27.16 3 1
url_shortener/internal/usecase/links_usecase/usecase.go:27.16,30.3 2 0
url_shortener/internal/usecase/links_usecase/usecase.go:31.2,31.22 1 1
url_shortener/internal/usecase/links_usecase/usecase.go:34.94,36.2 1 0
url_shortener/internal/usecase/links_usecase/usecase.go:38.40,40.2 1 4
url_shortener/internal/usecase/links_usecase/usecase.go:42.46,46.2 3 4
url_shortener/internal/usecase/links_usecase/usecase.go:48.38,52.2 3 4
url_shortener/internal/usecase/links_usecase/usecase.go:54.52,57.25 3 4
url_shortener/internal/usecase/links_usecase/usecase.go:57.25,58.27 1 40
url_shortener/internal/usecase/links_usecase/usecase.go:59.12,60.19 1 0
url_shortener/internal/usecase/links_usecase/usecase.go:61.12,62.19 1 0
url_shortener/internal/usecase/links_usecase/usecase.go:63.12,64.19 1 0
url_shortener/internal/usecase/links_usecase/usecase.go:65.11,66.33 1 40
url_shortener/internal/usecase/links_usecase/usecase.go:69.2,69.24 1 4
